# JRE version: OpenJDK Runtime Environment (8.0_152-b01) (build 1.8.0_152-release-915-b01)
# Java VM: OpenJDK 64-Bit Server VM (25.152-b01 mixed mode linux-amd64 compressed oops)
Heap:
 PSYoungGen      total 307200K, used 7296K [0x00000000e0000000, 0x00000000f4c00000, 0x0000000100000000)
  eden space 282112K, 0% used [0x00000000e0000000,0x00000000e0000000,0x00000000f1380000)
  from space 25088K, 29% used [0x00000000f1b00000,0x00000000f2220018,0x00000000f3380000)
  to   space 20480K, 0% used [0x00000000f3800000,0x00000000f3800000,0x00000000f4c00000)
 ParOldGen       total 118784K, used 54498K [0x00000000a0000000, 0x00000000a7400000, 0x00000000e0000000)
  object space 118784K, 45% used [0x00000000a0000000,0x00000000a35388d8,0x00000000a7400000)
 Metaspace       used 66093K, capacity 69274K, committed 69336K, reserved 1110016K
  class space    used 8659K, capacity 9456K, committed 9472K, reserved 1048576K
GC Heap History (10 events):
Event: 9,881 GC heap after
Heap after GC invocations=11 (full 2):
 PSYoungGen      total 176640K, used 12785K [0x00000000e0000000, 0x00000000ef580000, 0x0000000100000000)
  eden space 163840K, 0% used [0x00000000e0000000,0x00000000e0000000,0x00000000ea000000)
  from space 12800K, 99% used [0x00000000ea000000,0x00000000eac7c440,0x00000000eac80000)
  to   space 16384K, 0% used [0x00000000ee580000,0x00000000ee580000,0x00000000ef580000)
 ParOldGen       total 79360K, used 20226K [0x00000000a0000000, 0x00000000a4d80000, 0x00000000e0000000)
  object space 79360K, 25% used [0x00000000a0000000,0x00000000a13c0800,0x00000000a4d80000)
 Metaspace       used 46678K, capacity 47882K, committed 48344K, reserved 1091584K
  class space    used 6146K, capacity 6530K, committed 6656K, reserved 1048576K
}
Event: 12,421 GC heap before
{Heap before GC invocations=12 (full 2):
 PSYoungGen      total 176640K, used 176625K [0x00000000e0000000, 0x00000000ef580000, 0x0000000100000000)
  eden space 163840K, 100% used [0x00000000e0000000,0x00000000ea000000,0x00000000ea000000)
  from space 12800K, 99% used [0x00000000ea000000,0x00000000eac7c440,0x00000000eac80000)
  to   space 16384K, 0% used [0x00000000ee580000,0x00000000ee580000,0x00000000ef580000)
 ParOldGen       total 79360K, used 20226K [0x00000000a0000000, 0x00000000a4d80000, 0x00000000e0000000)
  object space 79360K, 25% used [0x00000000a0000000,0x00000000a13c0800,0x00000000a4d80000)
 Metaspace       used 56127K, capacity 58010K, committed 58200K, reserved 1099776K
  class space    used 7517K, capacity 8033K, committed 8064K, reserved 1048576K
Event: 12,454 GC heap after
Heap after GC invocations=12 (full 2):
 PSYoungGen      total 230912K, used 16373K [0x00000000e0000000, 0x00000000efa80000, 0x0000000100000000)
  eden space 214528K, 0% used [0x00000000e0000000,0x00000000e0000000,0x00000000ed180000)
  from space 16384K, 99% used [0x00000000ee580000,0x00000000ef57d790,0x00000000ef580000)
  to   space 20480K, 0% used [0x00000000ed180000,0x00000000ed180000,0x00000000ee580000)
 ParOldGen       total 79360K, used 24712K [0x00000000a0000000, 0x00000000a4d80000, 0x00000000e0000000)
  object space 79360K, 31% used [0x00000000a0000000,0x00000000a1822290,0x00000000a4d80000)
 Metaspace       used 56127K, capacity 58010K, committed 58200K, reserved 1099776K
  class space    used 7517K, capacity 8033K, committed 8064K, reserved 1048576K
}
Event: 12,716 GC heap before
{Heap before GC invocations=13 (full 2):
 PSYoungGen      total 230912K, used 41071K [0x00000000e0000000, 0x00000000efa80000, 0x0000000100000000)
  eden space 214528K, 11% used [0x00000000e0000000,0x00000000e181e690,0x00000000ed180000)
  from space 16384K, 99% used [0x00000000ee580000,0x00000000ef57d790,0x00000000ef580000)
  to   space 20480K, 0% used [0x00000000ed180000,0x00000000ed180000,0x00000000ee580000)
 ParOldGen       total 79360K, used 24712K [0x00000000a0000000, 0x00000000a4d80000, 0x00000000e0000000)
  object space 79360K, 31% used [0x00000000a0000000,0x00000000a1822290,0x00000000a4d80000)
 Metaspace       used 57060K, capacity 58950K, committed 59028K, reserved 1099776K
  class space    used 7676K, capacity 8173K, committed 8192K, reserved 1048576K
Event: 12,740 GC heap after
Heap after GC invocations=13 (full 2):
 PSYoungGen      total 235008K, used 1840K [0x00000000e0000000, 0x00000000f4c00000, 0x0000000100000000)
  eden space 214528K, 0% used [0x00000000e0000000,0x00000000e0000000,0x00000000ed180000)
  from space 20480K, 8% used [0x00000000ed180000,0x00000000ed34c048,0x00000000ee580000)
  to   space 20480K, 0% used [0x00000000f3800000,0x00000000f3800000,0x00000000f4c00000)
 ParOldGen       total 79360K, used 40118K [0x00000000a0000000, 0x00000000a4d80000, 0x00000000e0000000)
  object space 79360K, 50% used [0x00000000a0000000,0x00000000a272dbf8,0x00000000a4d80000)
 Metaspace       used 57060K, capacity 58950K, committed 59028K, reserved 1099776K
  class space    used 7676K, capacity 8173K, committed 8192K, reserved 1048576K
}
Event: 12,740 GC heap before
{Heap before GC invocations=14 (full 3):
 PSYoungGen      total 235008K, used 1840K [0x00000000e0000000, 0x00000000f4c00000, 0x0000000100000000)
  eden space 214528K, 0% used [0x00000000e0000000,0x00000000e0000000,0x00000000ed180000)
  from space 20480K, 8% used [0x00000000ed180000,0x00000000ed34c048,0x00000000ee580000)
  to   space 20480K, 0% used [0x00000000f3800000,0x00000000f3800000,0x00000000f4c00000)
 ParOldGen       total 79360K, used 40118K [0x00000000a0000000, 0x00000000a4d80000, 0x00000000e0000000)
  object space 79360K, 50% used [0x00000000a0000000,0x00000000a272dbf8,0x00000000a4d80000)
 Metaspace       used 57060K, capacity 58950K, committed 59028K, reserved 1099776K
  class space    used 7676K, capacity 8173K, committed 8192K, reserved 1048576K
Event: 12,986 GC heap after
Heap after GC invocations=14 (full 3):
 PSYoungGen      total 235008K, used 0K [0x00000000e0000000, 0x00000000f4c00000, 0x0000000100000000)
  eden space 214528K, 0% used [0x00000000e0000000,0x00000000e0000000,0x00000000ed180000)
  from space 20480K, 0% used [0x00000000ed180000,0x00000000ed180000,0x00000000ee580000)
  to   space 20480K, 0% used [0x00000000f3800000,0x00000000f3800000,0x00000000f4c00000)
 ParOldGen       total 118784K, used 31249K [0x00000000a0000000, 0x00000000a7400000, 0x00000000e0000000)
  object space 118784K, 26% used [0x00000000a0000000,0x00000000a1e84598,0x00000000a7400000)
 Metaspace       used 57014K, capacity 58812K, committed 59028K, reserved 1099776K
  class space    used 7663K, capacity 8127K, committed 8192K, reserved 1048576K
}
Event: 15,995 GC heap before
{Heap before GC invocations=15 (full 3):
 PSYoungGen      total 235008K, used 214528K [0x00000000e0000000, 0x00000000f4c00000, 0x0000000100000000)
  eden space 214528K, 100% used [0x00000000e0000000,0x00000000ed180000,0x00000000ed180000)
  from space 20480K, 0% used [0x00000000ed180000,0x00000000ed180000,0x00000000ee580000)
  to   space 20480K, 0% used [0x00000000f3800000,0x00000000f3800000,0x00000000f4c00000)
 ParOldGen       total 118784K, used 31249K [0x00000000a0000000, 0x00000000a7400000, 0x00000000e0000000)
  object space 118784K, 26% used [0x00000000a0000000,0x00000000a1e84598,0x00000000a7400000)
 Metaspace       used 63619K, capacity 66254K, committed 66392K, reserved 1105920K
  class space    used 8408K, capacity 9030K, committed 9088K, reserved 1048576K
Event: 16,042 GC heap after
Heap after GC invocations=15 (full 3):
 PSYoungGen      total 302592K, used 20468K [0x00000000e0000000, 0x00000000f4c00000, 0x0000000100000000)
  eden space 282112K, 0% used [0x00000000e0000000,0x00000000e0000000,0x00000000f1380000)
  from space 20480K, 99% used [0x00000000f3800000,0x00000000f4bfd350,0x00000000f4c00000)
  to   space 25088K, 0% used [0x00000000f1b00000,0x00000000f1b00000,0x00000000f3380000)
 ParOldGen       total 118784K, used 34550K [0x00000000a0000000, 0x00000000a7400000, 0x00000000e0000000)
  object space 118784K, 29% used [0x00000000a0000000,0x00000000a21bdb28,0x00000000a7400000)
 Metaspace       used 63619K, capacity 66254K, committed 66392K, reserved 1105920K
  class space    used 8408K, capacity 9030K, committed 9088K, reserved 1048576K
}
Event: 30,263 GC heap before
{Heap before GC invocations=16 (full 3):
 PSYoungGen      total 302592K, used 302580K [0x00000000e0000000, 0x00000000f4c00000, 0x0000000100000000)
  eden space 282112K, 100% used [0x00000000e0000000,0x00000000f1380000,0x00000000f1380000)
  from space 20480K, 99% used [0x00000000f3800000,0x00000000f4bfd350,0x00000000f4c00000)
  to   space 25088K, 0% used [0x00000000f1b00000,0x00000000f1b00000,0x00000000f3380000)
 ParOldGen       total 118784K, used 34550K [0x00000000a0000000, 0x00000000a7400000, 0x00000000e0000000)
  object space 118784K, 29% used [0x00000000a0000000,0x00000000a21bdb28,0x00000000a7400000)
 Metaspace       used 66093K, capacity 69274K, committed 69336K, reserved 1110016K
  class space    used 8659K, capacity 9456K, committed 9472K, reserved 1048576K

